<?xml version="1.0" encoding="UTF-8"?>
<testng-results ignored="0" total="1" passed="1" failed="0" skipped="0">
  <reporter-output>
  </reporter-output>
  <suite started-at="2022-07-13T19:44:39 EET" name="Default suite" finished-at="2022-07-13T19:44:47 EET" duration-ms="7669">
    <groups>
    </groups>
    <test started-at="2022-07-13T19:44:39 EET" name="Default test" finished-at="2022-07-13T19:44:47 EET" duration-ms="7669">
      <class name="maven.ctco.VacancyTest">
        <test-method is-config="true" signature="beforeTest()[pri:0, instance:maven.ctco.VacancyTest@7b227d8d]" started-at="2022-07-13T19:44:39 EET" name="beforeTest" finished-at="2022-07-13T19:44:45 EET" duration-ms="6145" status="PASS">
          <reporter-output>
          </reporter-output>
        </test-method> <!-- beforeTest -->
        <test-method signature="Careers()[pri:1, instance:maven.ctco.VacancyTest@7b227d8d]" started-at="2022-07-13T19:44:45 EET" name="Careers" finished-at="2022-07-13T19:44:47 EET" duration-ms="1477" status="PASS">
          <reporter-output>
          </reporter-output>
        </test-method> <!-- Careers -->
      </class> <!-- maven.ctco.VacancyTest -->
    </test> <!-- Default test -->
  </suite> <!-- Default suite -->
</testng-results>
